<?xml version="1.0" encoding="UTF-8"?>
<!-- Generated by org.testng.reporters.JUnitReportReporter -->
<testsuite hostname="LCE30020" failures="0" tests="1" name="uk.co.automationtesting.AddRemoveItemBasketTest" time="28.116" errors="0" timestamp="2024-02-15T23:31:14 CET" skipped="0">
  <testcase classname="uk.co.automationtesting.AddRemoveItemBasketTest" name="addRemoveItem" time="28.116"/>
</testsuite> <!-- uk.co.automationtesting.AddRemoveItemBasketTest -->
