<?xml version="1.0" encoding="UTF-8"?>
<!-- Generated by org.testng.reporters.JUnitReportReporter -->
<testsuite hostname="LCE30020" failures="0" tests="1" name="uk.co.automationtesting.OrderCompleteE2ETest" time="37.044" errors="0" timestamp="2024-02-20T11:28:56 CET" skipped="0">
  <testcase classname="uk.co.automationtesting.OrderCompleteE2ETest" name="endToEndTest" time="37.044"/>
</testsuite> <!-- uk.co.automationtesting.OrderCompleteE2ETest -->
