<?xml version="1.0" encoding="UTF-8"?>
<!-- Generated by org.testng.reporters.JUnitReportReporter -->
<testsuite hostname="LCE30020" failures="0" tests="1" name="uk.co.automationtesting.ShopLoginTest" time="18.628" errors="0" timestamp="2024-02-20T11:28:56 CET" skipped="0">
  <testcase classname="uk.co.automationtesting.ShopLoginTest" name="addRemoveItem" time="18.628"/>
</testsuite> <!-- uk.co.automationtesting.ShopLoginTest -->
