<?xml version="1.0" encoding="UTF-8"?>
<!-- Generated by org.testng.reporters.JUnitReportReporter -->
<testsuite hostname="LCE30020" failures="0" tests="1" name="uk.co.automationtesting.OrderCompleteTest" time="33.727" errors="0" timestamp="2024-02-15T23:29:19 CET" skipped="0">
  <testcase classname="uk.co.automationtesting.OrderCompleteTest" name="endToEndTest" time="33.727"/>
</testsuite> <!-- uk.co.automationtesting.OrderCompleteTest -->
